<?xml version="1.0" encoding="UTF-8"?>
<!-- Generated by org.testng.reporters.JUnitReportReporter -->
<testsuite hostname="LAPTOP-CVO18DI5" failures="0" tests="3" name="TestAnotationPractice.Testcase1" time="0.013" errors="0" timestamp="2022-05-04T21:09:21 IST" skipped="0">
  <testcase classname="TestAnotationPractice.Testcase1" name="m1" time="0.007"/>
  <system-out/>
  <testcase classname="TestAnotationPractice.Testcase1" name="m2" time="0.003"/>
  <system-out/>
  <testcase classname="TestAnotationPractice.Testcase1" name="m3" time="0.003"/>
  <system-out/>
</testsuite> <!-- TestAnotationPractice.Testcase1 -->
