<?xml version="1.0" encoding="UTF-8"?>
<!-- Generated by org.testng.reporters.JUnitReportReporter -->
<testsuite hostname="LAPTOP-CVO18DI5" failures="0" tests="12" name="Parameterization_crossbrowser.AllBrowserTesting" time="89.032" errors="0" timestamp="2022-05-12T00:00:49 IST" skipped="0">
  <testcase classname="Parameterization_crossbrowser.AllBrowserTesting" name="crossBrowserTesting" time="25.721"/>
  <system-out/>
  <testcase classname="Parameterization_crossbrowser.AllBrowserTesting" name="crossBrowserTesting" time="51.285"/>
  <system-out/>
  <testcase classname="Parameterization_crossbrowser.AllBrowserTesting" name="verifyCurrenturl" time="0.115"/>
  <system-out>
    <![CDATA[verifyCurrenturl]]>
  </system-out>
  <testcase classname="Parameterization_crossbrowser.AllBrowserTesting" name="verifyCurrenturl" time="0.024"/>
  <system-out>
    <![CDATA[verifyCurrenturl]]>
  </system-out>
  <testcase classname="Parameterization_crossbrowser.AllBrowserTesting" name="verifyPageTitle" time="0.039"/>
  <system-out>
    <![CDATA[verifyPageTitle]]>
  </system-out>
  <testcase classname="Parameterization_crossbrowser.AllBrowserTesting" name="verifyPageTitle" time="0.164"/>
  <system-out>
    <![CDATA[verifyPageTitle]]>
  </system-out>
  <testcase classname="Parameterization_crossbrowser.AllBrowserTesting" name="verifyUsernameField" time="3.868"/>
  <system-out>
    <![CDATA[verifyUsernameField]]>
  </system-out>
  <testcase classname="Parameterization_crossbrowser.AllBrowserTesting" name="verifyUsernameField" time="1.779"/>
  <system-out>
    <![CDATA[verifyUsernameField]]>
  </system-out>
  <testcase classname="Parameterization_crossbrowser.AllBrowserTesting" name="verifyPasswordField" time="0.367"/>
  <system-out>
    <![CDATA[verifyPasswordField]]>
  </system-out>
  <testcase classname="Parameterization_crossbrowser.AllBrowserTesting" name="verifyPasswordField" time="1.135"/>
  <system-out>
    <![CDATA[verifyPasswordField]]>
  </system-out>
  <testcase classname="Parameterization_crossbrowser.AllBrowserTesting" name="clickLoginButton" time="3.165"/>
  <system-out>
    <![CDATA[clickLoginButton]]>
  </system-out>
  <testcase classname="Parameterization_crossbrowser.AllBrowserTesting" name="clickLoginButton" time="1.370"/>
  <system-out>
    <![CDATA[clickLoginButton]]>
  </system-out>
</testsuite> <!-- Parameterization_crossbrowser.AllBrowserTesting -->
