<?xml version="1.0" encoding="UTF-8"?>
<!-- Generated by org.testng.reporters.JUnitReportReporter -->
<testsuite hostname="LAPTOP-CVO18DI5" failures="0" tests="2" name="Pom_factorypractice.RegitrationTest" time="24.139" errors="0" timestamp="2022-05-14T01:21:53 IST" skipped="0">
  <testcase classname="Pom_factorypractice.RegitrationTest" name="FacebookRegitrationPageTest_Negative" time="10.609"/>
  <system-out>
    <![CDATA[clickFacebookSignupLink
verifyFacebookRegistrationPageLogo
verifyFacebookRegistrationpageAlreadyAccount
setFacebookRegistrationPageFirstName
setFacebookRegistrationPageLasttName
setFacebookRegistrationPageMobileEmail
setFacebookRegistrationPagePassward
setFacebookRegistrationPageBirthDate
setFacebookRegistrationPageBirthMonth
setFacebookRegistrationPageBirthYear
setFacebookRegistrationPageGender
clickFacebookRegistrationSignupbtn]]>
  </system-out>
  <testcase classname="Pom_factorypractice.RegitrationTest" name="FacebookRegitrationPageTest_positive" time="13.530"/>
  <system-out>
    <![CDATA[clickFacebookSignupLink
verifyFacebookRegistrationPageLogo
verifyFacebookRegistrationpageAlreadyAccount
setFacebookRegistrationPageFirstName
setFacebookRegistrationPageLasttName
setFacebookRegistrationPageMobileEmail
setFacebookRegistrationPagePassward
setFacebookRegistrationPageBirthDate
setFacebookRegistrationPageBirthMonth
setFacebookRegistrationPageBirthYear
setFacebookRegistrationPageGender
clickFacebookRegistrationSignupbtn]]>
  </system-out>
</testsuite> <!-- Pom_factorypractice.RegitrationTest -->
