<?xml version="1.0" encoding="UTF-8"?>
<!-- Generated by org.testng.reporters.JUnitReportReporter -->
<testsuite hostname="LAPTOP-CVO18DI5" failures="0" tests="3" name="Groupingpractice.Testcase3" time="0.005" errors="0" timestamp="2022-05-08T20:54:21 IST" skipped="0">
  <testcase classname="Groupingpractice.Testcase3" name="Test7" time="0.001"/>
  <system-out/>
  <testcase classname="Groupingpractice.Testcase3" name="Test8" time="0.002"/>
  <system-out/>
  <testcase classname="Groupingpractice.Testcase3" name="Test9" time="0.002"/>
  <system-out/>
</testsuite> <!-- Groupingpractice.Testcase3 -->
