<?xml version="1.0" encoding="UTF-8"?>
<!-- Generated by org.testng.reporters.JUnitReportReporter -->
<testsuite hostname="LAPTOP-CVO18DI5" failures="0" tests="6" name="Kewardspractice.Invocationcountpractice" time="0.027" errors="0" timestamp="2022-05-05T17:13:13 IST" skipped="0">
  <testcase classname="Kewardspractice.Invocationcountpractice" name="homepagetest" time="0.010"/>
  <system-out/>
  <testcase classname="Kewardspractice.Invocationcountpractice" name="profilepagetest" time="0.002"/>
  <system-out/>
  <testcase classname="Kewardspractice.Invocationcountpractice" name="profilepagetest" time="0.006"/>
  <system-out/>
  <testcase classname="Kewardspractice.Invocationcountpractice" name="profilepagetest" time="0.003"/>
  <system-out/>
  <testcase classname="Kewardspractice.Invocationcountpractice" name="profilepagetest" time="0.004"/>
  <system-out/>
  <testcase classname="Kewardspractice.Invocationcountpractice" name="profilepagetest" time="0.002"/>
  <system-out/>
</testsuite> <!-- Kewardspractice.Invocationcountpractice -->
