<?xml version="1.0" encoding="UTF-8"?>
<!-- Generated by org.testng.reporters.JUnitReportReporter -->
<testsuite hostname="LAPTOP-CVO18DI5" failures="0" tests="3" name="TestNGbasics.ClassAnotationPractice" time="0.011" errors="0" timestamp="2022-05-02T23:35:39 IST" skipped="0">
  <testcase classname="TestNGbasics.ClassAnotationPractice" name="profilepage" time="0.007"/>
  <system-out/>
  <testcase classname="TestNGbasics.ClassAnotationPractice" name="homepage" time="0.002"/>
  <system-out/>
  <testcase classname="TestNGbasics.ClassAnotationPractice" name="notification" time="0.002"/>
  <system-out/>
</testsuite> <!-- TestNGbasics.ClassAnotationPractice -->
