<?xml version="1.0" encoding="UTF-8"?>
<!-- Generated by org.testng.reporters.JUnitReportReporter -->
<testsuite hostname="LAPTOP-CVO18DI5" failures="0" tests="3" name="TestNGbasics.MerthodAnotationPractice" time="0.020" errors="0" timestamp="2022-05-02T22:46:59 IST" skipped="0">
  <testcase classname="TestNGbasics.MerthodAnotationPractice" name="profilepage" time="0.008"/>
  <system-out/>
  <testcase classname="TestNGbasics.MerthodAnotationPractice" name="homepage" time="0.004"/>
  <system-out/>
  <testcase classname="TestNGbasics.MerthodAnotationPractice" name="notification" time="0.008"/>
  <system-out/>
</testsuite> <!-- TestNGbasics.MerthodAnotationPractice -->
