<?xml version="1.0" encoding="UTF-8"?>
<!-- Generated by org.testng.reporters.JUnitReportReporter -->
<testsuite hostname="LAPTOP-CVO18DI5" failures="0" tests="1" name="Pom_factorypractice.LoginTest" time="0.693" errors="0" timestamp="2022-05-15T22:54:16 IST" skipped="0">
  <testcase classname="Pom_factorypractice.LoginTest" name="FacebookLoginTest" time="0.693"/>
  <system-out>
    <![CDATA[verifyFacebookLoginPageLogo
verifyFacebookLoginForgottenAccountLink
verifyFacebookLoginPageFooterlinkSize
setFacebookLoginPageUserName
setFacebookLoginPagePassword
clickFacebookLoginPagebtn]]>
  </system-out>
</testsuite> <!-- Pom_factorypractice.LoginTest -->
