<?xml version="1.0" encoding="UTF-8"?>
<!-- Generated by org.testng.reporters.JUnitReportReporter -->
<testsuite hostname="LAPTOP-CVO18DI5" failures="0" tests="3" name="TestNGbasics.IntroductiontoTestNG" time="0.024" errors="0" timestamp="2022-05-02T22:46:05 IST" skipped="0">
  <testcase classname="TestNGbasics.IntroductiontoTestNG" name="openurl" time="0.016"/>
  <system-out>
    <![CDATA[url open]]>
  </system-out>
  <testcase classname="TestNGbasics.IntroductiontoTestNG" name="login" time="0.004"/>
  <system-out>
    <![CDATA[login is successfully]]>
  </system-out>
  <testcase classname="TestNGbasics.IntroductiontoTestNG" name="logout" time="0.004"/>
  <system-out>
    <![CDATA[logout successfully
browser close]]>
  </system-out>
</testsuite> <!-- TestNGbasics.IntroductiontoTestNG -->
