<?xml version="1.0" encoding="UTF-8"?>
<!-- Generated by org.testng.reporters.JUnitReportReporter -->
<testsuite hostname="LAPTOP-CVO18DI5" failures="0" tests="5" name="Kewardspractice.invocationcountwiththreadpoolsize" time="164.663" errors="0" timestamp="2022-05-08T11:59:53 IST" skipped="0">
  <testcase classname="Kewardspractice.invocationcountwiththreadpoolsize" name="openbrowser" time="36.048"/>
  <system-out/>
  <testcase classname="Kewardspractice.invocationcountwiththreadpoolsize" name="openbrowser" time="30.360"/>
  <system-out/>
  <testcase classname="Kewardspractice.invocationcountwiththreadpoolsize" name="openbrowser" time="33.436"/>
  <system-out/>
  <testcase classname="Kewardspractice.invocationcountwiththreadpoolsize" name="openbrowser" time="33.424"/>
  <system-out/>
  <testcase classname="Kewardspractice.invocationcountwiththreadpoolsize" name="openbrowser" time="31.395"/>
  <system-out/>
</testsuite> <!-- Kewardspractice.invocationcountwiththreadpoolsize -->
