<?xml version="1.0" encoding="UTF-8"?>
<!-- Generated by org.testng.reporters.JUnitReportReporter -->
<testsuite hostname="LAPTOP-CVO18DI5" failures="0" tests="3" name="Groupingpractice.Testcase1" time="0.011" errors="0" timestamp="2022-05-08T20:54:21 IST" skipped="0">
  <testcase classname="Groupingpractice.Testcase1" name="Test1" time="0.008"/>
  <system-out/>
  <testcase classname="Groupingpractice.Testcase1" name="Test2" time="0.001"/>
  <system-out/>
  <testcase classname="Groupingpractice.Testcase1" name="Test3" time="0.002"/>
  <system-out/>
</testsuite> <!-- Groupingpractice.Testcase1 -->
