<?xml version="1.0" encoding="UTF-8"?>
<!-- Generated by org.testng.reporters.JUnitReportReporter -->
<testsuite hostname="LAPTOP-CVO18DI5" failures="0" tests="3" name="TestAnotationPractice.Testcase4" time="0.008" errors="0" timestamp="2022-05-04T21:09:21 IST" skipped="0">
  <testcase classname="TestAnotationPractice.Testcase4" name="m4" time="0.003"/>
  <system-out/>
  <testcase classname="TestAnotationPractice.Testcase4" name="m5" time="0.004"/>
  <system-out/>
  <testcase classname="TestAnotationPractice.Testcase4" name="m6" time="0.001"/>
  <system-out/>
</testsuite> <!-- TestAnotationPractice.Testcase4 -->
