<?xml version="1.0" encoding="UTF-8"?>
<!-- Generated by org.testng.reporters.JUnitReportReporter -->
<testsuite hostname="LAPTOP-CVO18DI5" failures="0" tests="2" name="Kewardspractice.EnablesFalseExample" time="0.008" errors="0" timestamp="2022-05-05T17:25:52 IST" skipped="1">
  <testcase classname="Kewardspractice.EnablesFalseExample" name="homepagetest" time="0.008"/>
  <system-out/>
  <testcase classname="Kewardspractice.EnablesFalseExample" name="profilepagetest">
    <skipped/>
  </testcase> <!-- profilepagetest -->
  <system-out/>
</testsuite> <!-- Kewardspractice.EnablesFalseExample -->
